-------------------------------------------------------------------------------
Test set: Find Transactions in Account Activity
-------------------------------------------------------------------------------
Tests run: 1, Failures: 1, Errors: 0, Skipped: 0, Time elapsed: 11.008 s <<< FAILURE! - in Find Transactions in Account Activity
Search description(Find Transactions in Account Activity)  Time elapsed: 11.008 s  <<< FAILURE!
java.lang.AssertionError

